<?xml version="1.0" encoding="UTF-8" ?>
<testsuite tests="12" failures="0" name="runner.TestRunner" time="0.074" errors="0" skipped="10">
  <properties>
[...]
</properties>
  <testcase classname="| $500 | $50 | receive $50 cash | $450 |" name="Given I have $500 in my account" time="0.01">
    <skipped/>
    <system-out>Feature: Cash Withdrawal

  Scenario Outline: Withdraw fixed amount                      # checkout.feature:2
    Given I have &lt;Balance&gt; in my account
    When I choose to withdraw the fixed amount of &lt;Withdrawal&gt;
    Then I should &lt;Outcome&gt;
    And the balance of my account should be &lt;Remaining&gt;

    Examples: Successful withdrawal
</system-out>
  </testcase>
  <testcase classname="| $500 | $50 | receive $50 cash | $450 |" name="When I choose to withdraw the fixed amount of $50" time="0.011">
    <skipped/>
  </testcase>
  <testcase classname="| $500 | $50 | receive $50 cash | $450 |" name="Then I should receive $50 cash" time="0.011">
    <skipped/>
  </testcase>
  <testcase classname="| $500 | $50 | receive $50 cash | $450 |" name="And the balance of my account should be $450" time="0.011">
    <skipped/>
  </testcase>
  <testcase classname="| $500 | $50 | receive $50 cash | $450 |" name="| $500 | $50 | receive $50 cash | $450 |" time="0.011">
    <skipped/>
  </testcase>
  <testcase classname="| $500 | $50 | receive $50 cash | $450 |" name="| $500 | $50 | receive $50 cash | $450 |" time="0.011"/>
  <testcase classname="| $500 | $100 | receive $100 cash | $400 |" name="Given I have $500 in my account" time="0">
    <skipped/>
    <system-out>
  Scenario Outline: Withdraw fixed amount             # checkout.feature:9
    Given I have $500 in my account
    When I choose to withdraw the fixed amount of $50
    Then I should receive $50 cash
    And the balance of my account should be $450
</system-out>
  </testcase>
  <testcase classname="| $500 | $100 | receive $100 cash | $400 |" name="When I choose to withdraw the fixed amount of $100" time="0">
    <skipped/>
  </testcase>
  <testcase classname="| $500 | $100 | receive $100 cash | $400 |" name="Then I should receive $100 cash" time="0.002">
    <skipped/>
  </testcase>
  <testcase classname="| $500 | $100 | receive $100 cash | $400 |" name="And the balance of my account should be $400" time="0.002">
    <skipped/>
  </testcase>
  <testcase classname="| $500 | $100 | receive $100 cash | $400 |" name="| $500 | $100 | receive $100 cash | $400 |" time="0.002">
    <skipped/>
  </testcase>
  <testcase classname="| $500 | $100 | receive $100 cash | $400 |" name="| $500 | $100 | receive $100 cash | $400 |" time="0.003"/>
</testsuite>